[debug] [2020-06-27T05:56:22.935Z] ----------------------------------------------------------------------
[debug] [2020-06-27T05:56:22.938Z] Command:       /home/edgardo/.nvm/versions/node/v10.13.0/bin/node /home/edgardo/.nvm/versions/node/v10.13.0/bin/firebase emulators:start
[debug] [2020-06-27T05:56:22.939Z] CLI Version:   8.4.3
[debug] [2020-06-27T05:56:22.939Z] Platform:      linux
[debug] [2020-06-27T05:56:22.939Z] Node Version:  v10.13.0
[debug] [2020-06-27T05:56:22.939Z] Time:          Fri Jun 26 2020 22:56:22 GMT-0700 (Pacific Daylight Time)
[debug] [2020-06-27T05:56:22.939Z] ----------------------------------------------------------------------
[debug] [2020-06-27T05:56:22.939Z] 
[debug] [2020-06-27T05:56:22.952Z] > command requires scopes: ["email","openid","https://www.googleapis.com/auth/cloudplatformprojects.readonly","https://www.googleapis.com/auth/firebase","https://www.googleapis.com/auth/cloud-platform"]
[debug] [2020-06-27T05:56:22.953Z] > authorizing via signed-in user
[info] i  emulators: Starting emulators: functions {"metadata":{"emulator":{"name":"hub"},"message":"Starting emulators: functions"}}
[debug] [2020-06-27T05:56:22.979Z] [hub] writing locator at /tmp/hub-portalfox-68431.json
[warn] ⚠  Your requested "node" version "8" doesn't match your global version "10" {"metadata":{"emulator":{"name":"functions"},"message":"Your requested \"node\" version \"8\" doesn't match your global version \"10\""}}
[debug] [2020-06-27T05:56:23.113Z] Ignoring unsupported arg: auto_download {"metadata":{"emulator":{"name":"ui"},"message":"Ignoring unsupported arg: auto_download"}}
[debug] [2020-06-27T05:56:23.113Z] Ignoring unsupported arg: port {"metadata":{"emulator":{"name":"ui"},"message":"Ignoring unsupported arg: port"}}
[debug] [2020-06-27T05:56:23.113Z] Starting Emulator UI with command {"binary":"node","args":["/home/edgardo/.cache/firebase/emulators/ui-v1.1.0/server.bundle.js"],"optionalArgs":[],"joinArgs":false} {"metadata":{"emulator":{"name":"ui"},"message":"Starting Emulator UI with command {\"binary\":\"node\",\"args\":[\"/home/edgardo/.cache/firebase/emulators/ui-v1.1.0/server.bundle.js\"],\"optionalArgs\":[],\"joinArgs\":false}"}}
[info] i  ui: Emulator UI logging to ui-debug.log {"metadata":{"emulator":{"name":"ui"},"message":"Emulator UI logging to \u001b[1mui-debug.log\u001b[22m"}}
[debug] [2020-06-27T05:56:23.334Z] Web / API server started at http://localhost:4000
 {"metadata":{"emulator":{"name":"ui"},"message":"Web / API server started at http://localhost:4000\n"}}
[info] i  functions: Watching "/home/edgardo/workspace/portalfox/functions" for Cloud Functions... {"metadata":{"emulator":{"name":"functions"},"message":"Watching \"/home/edgardo/workspace/portalfox/functions\" for Cloud Functions..."}}
[debug] [2020-06-27T05:56:23.452Z] [worker-pool] addWorker(~diagnostic~) {"metadata":{"emulator":{"name":"functions"},"message":"[worker-pool] addWorker(~diagnostic~)"}}
[debug] [2020-06-27T05:56:23.453Z] [worker-pool] Adding worker with key ~diagnostic~, total=1 {"metadata":{"emulator":{"name":"functions"},"message":"[worker-pool] Adding worker with key ~diagnostic~, total=1"}}
[debug] [2020-06-27T05:56:23.454Z] [worker-pool] submitWork(triggerId=) {"metadata":{"emulator":{"name":"functions"},"message":"[worker-pool] submitWork(triggerId=)"}}
[debug] [2020-06-27T05:56:23.460Z] [worker-~diagnostic~-71e6abba-1c45-4235-80f2-866c26dbe1a6]: Assigning socketPath: /tmp/fire_emu_27433.sock {"metadata":{"emulator":{"name":"functions"},"message":"[worker-~diagnostic~-71e6abba-1c45-4235-80f2-866c26dbe1a6]: Assigning socketPath: /tmp/fire_emu_27433.sock"}}
[debug] [2020-06-27T05:56:23.463Z] [worker-~diagnostic~-71e6abba-1c45-4235-80f2-866c26dbe1a6]: BUSY {"metadata":{"emulator":{"name":"functions"},"message":"[worker-~diagnostic~-71e6abba-1c45-4235-80f2-866c26dbe1a6]: BUSY"}}
[debug] [2020-06-27T05:56:23.838Z] [runtime-status] [27433] Functions runtime initialized. {"cwd":"/home/edgardo/workspace/portalfox/functions","node_version":"10.13.0"} {"metadata":{"emulator":{"name":"functions"},"message":"[runtime-status] [27433] Functions runtime initialized. {\"cwd\":\"/home/edgardo/workspace/portalfox/functions\",\"node_version\":\"10.13.0\"}"}}
[debug] [2020-06-27T05:56:23.840Z] [runtime-status] [27433] Disabled runtime features: undefined {"metadata":{"emulator":{"name":"functions"},"message":"[runtime-status] [27433] Disabled runtime features: undefined"}}
[debug] [2020-06-27T05:56:23.844Z] [runtime-status] [27433] Resolved module firebase-admin {"declared":true,"installed":true,"version":"8.12.1","resolution":"/home/edgardo/workspace/portalfox/functions/node_modules/firebase-admin/lib/index.js"} {"metadata":{"emulator":{"name":"functions"},"message":"[runtime-status] [27433] Resolved module firebase-admin {\"declared\":true,\"installed\":true,\"version\":\"8.12.1\",\"resolution\":\"/home/edgardo/workspace/portalfox/functions/node_modules/firebase-admin/lib/index.js\"}"}}
[debug] [2020-06-27T05:56:23.847Z] [runtime-status] [27433] Resolved module firebase-functions {"declared":true,"installed":true,"version":"3.7.0","resolution":"/home/edgardo/workspace/portalfox/functions/node_modules/firebase-functions/lib/index.js"} {"metadata":{"emulator":{"name":"functions"},"message":"[runtime-status] [27433] Resolved module firebase-functions {\"declared\":true,\"installed\":true,\"version\":\"3.7.0\",\"resolution\":\"/home/edgardo/workspace/portalfox/functions/node_modules/firebase-functions/lib/index.js\"}"}}
[debug] [2020-06-27T05:56:23.855Z] [runtime-status] [27433] Outgoing network have been stubbed. [{"name":"http","status":"mocked"},{"name":"http","status":"mocked"},{"name":"https","status":"mocked"},{"name":"https","status":"mocked"},{"name":"net","status":"mocked"}] {"metadata":{"emulator":{"name":"functions"},"message":"[runtime-status] [27433] Outgoing network have been stubbed. [{\"name\":\"http\",\"status\":\"mocked\"},{\"name\":\"http\",\"status\":\"mocked\"},{\"name\":\"https\",\"status\":\"mocked\"},{\"name\":\"https\",\"status\":\"mocked\"},{\"name\":\"net\",\"status\":\"mocked\"}]"}}
[debug] [2020-06-27T05:56:23.856Z] [runtime-status] [27433] Resolved module firebase-functions {"declared":true,"installed":true,"version":"3.7.0","resolution":"/home/edgardo/workspace/portalfox/functions/node_modules/firebase-functions/lib/index.js"} {"metadata":{"emulator":{"name":"functions"},"message":"[runtime-status] [27433] Resolved module firebase-functions {\"declared\":true,\"installed\":true,\"version\":\"3.7.0\",\"resolution\":\"/home/edgardo/workspace/portalfox/functions/node_modules/firebase-functions/lib/index.js\"}"}}
[debug] [2020-06-27T05:56:23.956Z] [runtime-status] [27433] Checked functions.config() {"config":{}} {"metadata":{"emulator":{"name":"functions"},"message":"[runtime-status] [27433] Checked functions.config() {\"config\":{}}"}}
[debug] [2020-06-27T05:56:23.956Z] [runtime-status] [27433] firebase-functions has been stubbed. {"functionsResolution":{"declared":true,"installed":true,"version":"3.7.0","resolution":"/home/edgardo/workspace/portalfox/functions/node_modules/firebase-functions/lib/index.js"}} {"metadata":{"emulator":{"name":"functions"},"message":"[runtime-status] [27433] firebase-functions has been stubbed. {\"functionsResolution\":{\"declared\":true,\"installed\":true,\"version\":\"3.7.0\",\"resolution\":\"/home/edgardo/workspace/portalfox/functions/node_modules/firebase-functions/lib/index.js\"}}"}}
[debug] [2020-06-27T05:56:23.956Z] [runtime-status] [27433] Resolved module firebase-functions {"declared":true,"installed":true,"version":"3.7.0","resolution":"/home/edgardo/workspace/portalfox/functions/node_modules/firebase-functions/lib/index.js"} {"metadata":{"emulator":{"name":"functions"},"message":"[runtime-status] [27433] Resolved module firebase-functions {\"declared\":true,\"installed\":true,\"version\":\"3.7.0\",\"resolution\":\"/home/edgardo/workspace/portalfox/functions/node_modules/firebase-functions/lib/index.js\"}"}}
[debug] [2020-06-27T05:56:23.957Z] [runtime-status] [27433] Resolved module firebase-admin {"declared":true,"installed":true,"version":"8.12.1","resolution":"/home/edgardo/workspace/portalfox/functions/node_modules/firebase-admin/lib/index.js"} {"metadata":{"emulator":{"name":"functions"},"message":"[runtime-status] [27433] Resolved module firebase-admin {\"declared\":true,\"installed\":true,\"version\":\"8.12.1\",\"resolution\":\"/home/edgardo/workspace/portalfox/functions/node_modules/firebase-admin/lib/index.js\"}"}}
[debug] [2020-06-27T05:56:23.958Z] [runtime-status] [27433] Resolved module firebase-functions {"declared":true,"installed":true,"version":"3.7.0","resolution":"/home/edgardo/workspace/portalfox/functions/node_modules/firebase-functions/lib/index.js"} {"metadata":{"emulator":{"name":"functions"},"message":"[runtime-status] [27433] Resolved module firebase-functions {\"declared\":true,\"installed\":true,\"version\":\"3.7.0\",\"resolution\":\"/home/edgardo/workspace/portalfox/functions/node_modules/firebase-functions/lib/index.js\"}"}}
[debug] [2020-06-27T05:56:23.958Z] [runtime-status] [27433] firebase-admin has been stubbed. {"adminResolution":{"declared":true,"installed":true,"version":"8.12.1","resolution":"/home/edgardo/workspace/portalfox/functions/node_modules/firebase-admin/lib/index.js"}} {"metadata":{"emulator":{"name":"functions"},"message":"[runtime-status] [27433] firebase-admin has been stubbed. {\"adminResolution\":{\"declared\":true,\"installed\":true,\"version\":\"8.12.1\",\"resolution\":\"/home/edgardo/workspace/portalfox/functions/node_modules/firebase-admin/lib/index.js\"}}"}}
[debug] [2020-06-27T05:56:23.981Z] [runtime-status] [27433] initializeApp(DEFAULT) {"projectId":"portalfox-68431","serviceAccountId":"firebase-adminsdk-ll5uj@portalfox-68431.iam.gserviceaccount.com"} {"metadata":{"emulator":{"name":"functions"},"message":"[runtime-status] [27433] initializeApp(DEFAULT) {\"projectId\":\"portalfox-68431\",\"serviceAccountId\":\"firebase-adminsdk-ll5uj@portalfox-68431.iam.gserviceaccount.com\"}"}}
[info] ✔  functions[helloWorld]: http function initialized (http://localhost:5001/portalfox-68431/us-central1/helloWorld). {"metadata":{"emulator":{"name":"functions"},"message":"\u001b[1mhttp\u001b[22m function initialized (http://localhost:5001/portalfox-68431/us-central1/helloWorld)."}}
[info] ✔  functions[globalSignUp]: http function initialized (http://localhost:5001/portalfox-68431/us-central1/globalSignUp). {"metadata":{"emulator":{"name":"functions"},"message":"\u001b[1mhttp\u001b[22m function initialized (http://localhost:5001/portalfox-68431/us-central1/globalSignUp)."}}
[info] 
┌───────────────────────────────────────────────────────────────────────┐
│ ✔  All emulators ready! View status and logs at http://localhost:4000 │
└───────────────────────────────────────────────────────────────────────┘

┌───────────┬────────────────┬─────────────────────────────────┐
│ Emulator  │ Host:Port      │ View in Emulator UI             │
├───────────┼────────────────┼─────────────────────────────────┤
│ Functions │ localhost:5001 │ http://localhost:4000/functions │
└───────────┴────────────────┴─────────────────────────────────┘
  Other reserved ports: 4400, 4500

Issues? Report them at https://github.com/firebase/firebase-tools/issues and attach the *-debug.log files.
 
[debug] [2020-06-27T05:56:23.990Z] [worker-~diagnostic~-71e6abba-1c45-4235-80f2-866c26dbe1a6]: IDLE {"metadata":{"emulator":{"name":"functions"},"message":"[worker-~diagnostic~-71e6abba-1c45-4235-80f2-866c26dbe1a6]: IDLE"}}
